
SQL*Loader: Release 21.0.0.0.0 - Production on Thu Apr 21 10:18:48 2022
Version 21.3.0.0.0

Copyright (c) 1982, 2021, Oracle and/or its affiliates.  All rights reserved.

Control File:   lineitem.ctl
Data File:      /home/supermt/git/Oracle_test_cases/tpc-h_generated/lineitem.tbl
  Bad File:     lineitem.bad
  Discard File:  none specified
 
 (Allow all discards)

Number to load: ALL
Number to skip: 0
Errors allowed: 50
Bind array:     250 rows, maximum of 1048576 bytes
Continuation:    none specified
Path used:      Conventional

Table LINEITEM, loaded from every logical record.
Insert option in effect for this table: INSERT
TRAILING NULLCOLS option in effect

   Column Name                  Position   Len  Term Encl Datatype
------------------------------ ---------- ----- ---- ---- ---------------------
L_ORDERKEY                          FIRST     *   |       CHARACTER            
L_PARTKEY                            NEXT     *   |       CHARACTER            
L_SUPPKEY                            NEXT     *   |       CHARACTER            
L_LINENUMBER                         NEXT     *   |       CHARACTER            
L_QUANTITY                           NEXT     *   |       CHARACTER            
L_EXTENDEDPRICE                      NEXT     *   |       CHARACTER            
L_DISCOUNT                           NEXT     *   |       CHARACTER            
L_TAX                                NEXT     *   |       CHARACTER            
L_RETURNFLAG                         NEXT     3   |       CHARACTER            
L_LINESTATUS                         NEXT     3   |       CHARACTER            
L_SHIPDATE                           NEXT     *   |       DATE YYYY-MM-DD      
L_COMMITDATE                         NEXT     *   |       DATE YYYY-MM-DD      
L_RECEIPTDATE                        NEXT     *   |       DATE YYYY-MM-DD      
L_SHIPINSTRUCT                       NEXT    25   |       CHARACTER            
L_SHIPMODE                           NEXT    10   |       CHARACTER            
L_COMMENT                            NEXT    44   |       CHARACTER            


Table LINEITEM:
  59986052 Rows successfully loaded.
  0 Rows not loaded due to data errors.
  0 Rows not loaded because all WHEN clauses were failed.
  0 Rows not loaded because all fields were null.


Space allocated for bind array:                 734000 bytes(250 rows)
Read   buffer bytes: 1048576

Total logical records skipped:          0
Total logical records read:      59986052
Total logical records rejected:         0
Total logical records discarded:        0

Run began on Thu Apr 21 10:18:48 2022
Run ended on Thu Apr 21 10:28:16 2022

Elapsed time was:     00:09:28.17
CPU time was:         00:03:02.87
