
SQL*Loader: Release 21.0.0.0.0 - Production on Thu Apr 21 10:18:47 2022
Version 21.3.0.0.0

Copyright (c) 1982, 2021, Oracle and/or its affiliates.  All rights reserved.

Control File:   region.ctl
Data File:      /home/supermt/git/Oracle_test_cases/tpc-h_generated/region.tbl
  Bad File:     region.bad
  Discard File:  none specified
 
 (Allow all discards)

Number to load: ALL
Number to skip: 0
Errors allowed: 50
Bind array:     250 rows, maximum of 1048576 bytes
Continuation:    none specified
Path used:      Conventional

Table REGION, loaded from every logical record.
Insert option in effect for this table: INSERT

   Column Name                  Position   Len  Term Encl Datatype
------------------------------ ---------- ----- ---- ---- ---------------------
R_REGIONKEY                         FIRST     *   |       CHARACTER            
R_NAME                               NEXT     *   |       CHARACTER            
R_COMMENT                            NEXT     *   |       CHARACTER            


Table REGION:
  5 Rows successfully loaded.
  0 Rows not loaded due to data errors.
  0 Rows not loaded because all WHEN clauses were failed.
  0 Rows not loaded because all fields were null.


Space allocated for bind array:                 193500 bytes(250 rows)
Read   buffer bytes: 1048576

Total logical records skipped:          0
Total logical records read:             5
Total logical records rejected:         0
Total logical records discarded:        0

Run began on Thu Apr 21 10:18:47 2022
Run ended on Thu Apr 21 10:18:48 2022

Elapsed time was:     00:00:00.40
CPU time was:         00:00:00.02
